<?xml version="1.0" encoding="UTF-8"?>
<!-- Generated by org.testng.reporters.JUnitXMLReporter -->
<testsuite hostname="DESKTOP-9UQGMJ6" name="OrangeHRMTest" tests="1" failures="1" timestamp="26 Sep 2018 20:34:44 GMT" time="222.058" errors="0">
  <testcase name="LoginToAppTest" time="0.006" classname="Prac.OrangeHRM.LoginTest">
    <failure type="java.lang.NullPointerException">
      <![CDATA[java.lang.NullPointerException
	at Prac.OrangeHRM.LoginTest.LoginToAppTest(LoginTest.java:31)
... Removed 24 stack frames]]>
    </failure>
  </testcase> <!-- LoginToAppTest -->
</testsuite> <!-- OrangeHRMTest -->
