<?xml version="1.0" encoding="UTF-8"?>
<!-- Generated by org.testng.reporters.JUnitXMLReporter -->
<testsuite hostname="DESKTOP-9UQGMJ6" name="Default test" tests="2" failures="0" timestamp="20 Oct 2018 20:31:20 GMT" time="4.525" errors="0">
  <testcase name="LoginToAppTest" time="0.0" classname="Prac.OrangeHRM.Create_Admin_User">
    <skipped/>
  </testcase> <!-- LoginToAppTest -->
  <testcase name="VerifyLogin" time="0.0" classname="Prac.OrangeHRM.Create_Admin_User">
    <skipped/>
  </testcase> <!-- VerifyLogin -->
</testsuite> <!-- Default test -->
