<?xml version="1.0" encoding="UTF-8"?>
<!-- Generated by org.testng.reporters.JUnitXMLReporter -->
<testsuite hostname="DESKTOP-9UQGMJ6" name="Default test" tests="2" failures="0" timestamp="20 Oct 2018 19:50:24 GMT" time="3.884" errors="0">
  <testcase name="LoginToAppTest" time="0.0" classname="Prac.OrangeHRM.LoginTest">
    <skipped/>
  </testcase> <!-- LoginToAppTest -->
  <testcase name="VerifyLogin" time="0.0" classname="Prac.OrangeHRM.LoginTest">
    <skipped/>
  </testcase> <!-- VerifyLogin -->
</testsuite> <!-- Default test -->
