<?xml version="1.0" encoding="UTF-8"?>
<!-- Generated by org.testng.reporters.JUnitXMLReporter -->
<testsuite hostname="DESKTOP-9UQGMJ6" name="Test" tests="1" failures="0" timestamp="30 Jul 2018 20:07:50 GMT" time="0.043" errors="0">
  <testcase name="@BeforeTest TestSetup" time="0.0" classname="Prac.OrangeHRM.LoginTest">
    <failure type="java.lang.IllegalAccessException" message="Class org.testng.internal.MethodInvocationHelper can not access a member of class Prac.OrangeHRM.LoginTest with modifiers &amp;quot;public&amp;quot;">
      <![CDATA[java.lang.IllegalAccessException: Class org.testng.internal.MethodInvocationHelper can not access a member of class Prac.OrangeHRM.LoginTest with modifiers "public"
... Removed 22 stack frames]]>
    </failure>
  </testcase> <!-- @BeforeTest TestSetup -->
  <testcase name="LoginToAppTest" time="0.001" classname="Prac.OrangeHRM.LoginTest">
    <skipped/>
  </testcase> <!-- LoginToAppTest -->
</testsuite> <!-- Test -->
