<?xml version="1.0" encoding="UTF-8"?>
<testng-results skipped="0" failed="0" total="2" passed="2">
  <reporter-output>
  </reporter-output>
  <suite name="OrangeHRMSuite" duration-ms="16876" started-at="2018-12-09T08:34:27Z" finished-at="2018-12-09T08:34:44Z">
    <groups>
    </groups>
    <test name="OrangeHRMTest" duration-ms="16876" started-at="2018-12-09T08:34:27Z" finished-at="2018-12-09T08:34:44Z">
      <class name="Prac.OrangeHRM.PIM_User">
        <test-method status="PASS" signature="TestSetup()[pri:0, instance:Prac.OrangeHRM.PIM_User@5f341870]" name="TestSetup" is-config="true" duration-ms="4322" started-at="2018-12-09T14:04:27Z" finished-at="2018-12-09T14:04:31Z">
          <reporter-output>
          </reporter-output>
        </test-method> <!-- TestSetup -->
        <test-method status="PASS" signature="LoginToAppTest(java.lang.String)[pri:1, instance:Prac.OrangeHRM.PIM_User@5f341870]" name="LoginToAppTest" duration-ms="9550" started-at="2018-12-09T14:04:31Z" finished-at="2018-12-09T14:04:41Z">
          <params>
            <param index="0">
              <value>
                <![CDATA[https://opensource-demo.orangehrmlive.com/]]>
              </value>
            </param>
          </params>
          <reporter-output>
          </reporter-output>
        </test-method> <!-- LoginToAppTest -->
        <test-method status="PASS" signature="testAddEmployee()[pri:0, instance:Prac.OrangeHRM.PIM_User@5f341870]" name="testAddEmployee" duration-ms="2984" started-at="2018-12-09T14:04:41Z" depends-on-methods="Prac.OrangeHRM.PIM_User.LoginToAppTest" finished-at="2018-12-09T14:04:44Z">
          <reporter-output>
          </reporter-output>
        </test-method> <!-- testAddEmployee -->
      </class> <!-- Prac.OrangeHRM.PIM_User -->
    </test> <!-- OrangeHRMTest -->
  </suite> <!-- OrangeHRMSuite -->
</testng-results>
