<?xml version="1.0" encoding="UTF-8"?>
<testng-results skipped="0" failed="0" total="2" passed="2">
  <reporter-output>
  </reporter-output>
  <suite name="OrangeHRMSuite" duration-ms="9124" started-at="2018-10-20T19:50:40Z" finished-at="2018-10-20T19:50:49Z">
    <groups>
    </groups>
    <test name="OrangeHRMTest" duration-ms="9124" started-at="2018-10-20T19:50:40Z" finished-at="2018-10-20T19:50:49Z">
      <class name="Prac.OrangeHRM.LoginTest">
        <test-method status="PASS" signature="TestSetup()[pri:0, instance:Prac.OrangeHRM.LoginTest@2f686d1f]" name="TestSetup" is-config="true" duration-ms="3844" started-at="2018-10-21T01:20:40Z" finished-at="2018-10-21T01:20:44Z">
          <reporter-output>
          </reporter-output>
        </test-method> <!-- TestSetup -->
        <test-method status="PASS" signature="LoginToAppTest(java.lang.String)[pri:1, instance:Prac.OrangeHRM.LoginTest@2f686d1f]" name="LoginToAppTest" duration-ms="5219" started-at="2018-10-21T01:20:44Z" finished-at="2018-10-21T01:20:49Z">
          <params>
            <param index="0">
              <value>
                <![CDATA[https://opensource-demo.orangehrmlive.com/]]>
              </value>
            </param>
          </params>
          <reporter-output>
          </reporter-output>
        </test-method> <!-- LoginToAppTest -->
        <test-method status="PASS" signature="VerifyLogin()[pri:0, instance:Prac.OrangeHRM.LoginTest@2f686d1f]" name="VerifyLogin" duration-ms="43" started-at="2018-10-21T01:20:49Z" depends-on-methods="Prac.OrangeHRM.LoginTest.LoginToAppTest" finished-at="2018-10-21T01:20:49Z">
          <reporter-output>
          </reporter-output>
        </test-method> <!-- VerifyLogin -->
        <test-method status="PASS" signature="EndSession()[pri:0, instance:Prac.OrangeHRM.LoginTest@2f686d1f]" name="EndSession" is-config="true" duration-ms="600" started-at="2018-10-21T01:20:49Z" finished-at="2018-10-21T01:20:50Z">
          <reporter-output>
          </reporter-output>
        </test-method> <!-- EndSession -->
      </class> <!-- Prac.OrangeHRM.LoginTest -->
    </test> <!-- OrangeHRMTest -->
  </suite> <!-- OrangeHRMSuite -->
</testng-results>
